#
# There is insufficient memory for the Java Runtime Environment to continue.
# Native memory allocation (mmap) failed to map 532676608 bytes for G1 virtual space
# Possible reasons:
#   The system is out of physical RAM or swap space
#   The process is running with CompressedOops enabled, and the Java Heap may be blocking the growth of the native heap
# Possible solutions:
#   Reduce memory load on the system
#   Increase physical memory or swap space
#   Check if swap backing store is full
#   Decrease Java heap size (-Xmx/-Xms)
#   Decrease number of Java threads
#   Decrease Java thread stack sizes (-Xss)
#   Set larger code cache with -XX:ReservedCodeCacheSize=
#   JVM is running with Zero Based Compressed Oops mode in which the Java heap is
#     placed in the first 32GB address space. The Java Heap base address is the
#     maximum limit for the native heap growth. Please use -XX:HeapBaseMinAddress
#     to set the Java Heap base and to place the Java Heap above 32GB virtual address.
# This output file may be truncated or incomplete.
#
#  Out of Memory Error (os_windows.cpp:3603), pid=41456, tid=41524
#
# JRE version:  (21.0.8+12) (build )
# Java VM: Java HotSpot(TM) 64-Bit Server VM (21.0.8+12-LTS-250, mixed mode, sharing, tiered, compressed oops, compressed class ptrs, g1 gc, windows-amd64)
# No core dump will be written. Minidumps are not enabled by default on client versions of Windows
#

---------------  S U M M A R Y ------------

Command Line: -XX:+ShowCodeDetailsInExceptionMessages week2.phonebook.Main

Host: AMD Ryzen 5 7500F 6-Core Processor             , 12 cores, 31G,  Windows 11 , 64 bit Build 26100 (10.0.26100.8875)
Time: Thu Jul 16 01:40:24 2026 SE Asia Standard Time elapsed time: 0.007388 seconds (0d 0h 0m 0s)

---------------  T H R E A D  ---------------

Current thread (0x000002333e90e430):  JavaThread "Unknown thread" [_thread_in_vm, id=41524, stack(0x0000006a29c00000,0x0000006a29d00000) (1024K)]

Stack: [0x0000006a29c00000,0x0000006a29d00000]
Native frames: (J=compiled Java code, j=interpreted, Vv=VM code, C=native code)
V  [jvm.dll+0x6cc179]
V  [jvm.dll+0x8584c1]
V  [jvm.dll+0x85a9ee]
V  [jvm.dll+0x85b0c3]
V  [jvm.dll+0x27ebf6]
V  [jvm.dll+0x6c88f5]
V  [jvm.dll+0x6bd45a]
V  [jvm.dll+0x354b1a]
V  [jvm.dll+0x35c796]
V  [jvm.dll+0x3af85e]
V  [jvm.dll+0x3afb08]
V  [jvm.dll+0x328e2c]
V  [jvm.dll+0x32998b]
V  [jvm.dll+0x821879]
V  [jvm.dll+0x3bc541]
V  [jvm.dll+0x80aaf8]
V  [jvm.dll+0x45172e]
V  [jvm.dll+0x453321]
C  [jli.dll+0x52a3]
C  [ucrtbase.dll+0x2cd30]
C  [KERNEL32.DLL+0x2e957]
C  [ntdll.dll+0xaad6c]


---------------  P R O C E S S  ---------------

Threads class SMR info:
_java_thread_list=0x00007ff87ffbfc48, length=0, elements={
}

Java Threads: ( => current thread )
Total: 0

Other Threads:
  0x000002333ebdc050 WorkerThread "GC Thread#0"                     [id=37172, stack(0x0000006a29d00000,0x0000006a29e00000) (1024K)]
  0x000002333ebee3d0 ConcurrentGCThread "G1 Main Marker"            [id=39652, stack(0x0000006a29e00000,0x0000006a29f00000) (1024K)]
  0x000002333ebef670 WorkerThread "G1 Conc#0"                       [id=43104, stack(0x0000006a29f00000,0x0000006a2a000000) (1024K)]

[error occurred during error reporting (printing all threads), id 0xc0000005, EXCEPTION_ACCESS_VIOLATION (0xc0000005) at pc=0x00007ff87f72b5b7]
VM state: not at safepoint (not fully initialized)

VM Mutex/Monitor currently owned by a thread:  ([mutex/lock_event])
[0x00007ff880030f50] Heap_lock - owner thread: 0x000002333e90e430

Heap address: 0x0000000605c00000, size: 8100 MB, Compressed Oops mode: Zero based, Oop shift amount: 3

CDS archive(s) mapped at: [0x0000000000000000-0x0000000000000000-0x0000000000000000), size 0, SharedBaseAddress: 0x0000000800000000, ArchiveRelocationMode: 1.
Narrow klass base: 0x0000000000000000, Narrow klass shift: 0, Narrow klass range: 0x0

GC Precious Log:
 CardTable entry size: 512
 Card Set container configuration: InlinePtr #cards 4 size 8 Array Of Cards #cards 32 size 80 Howl #buckets 8 coarsen threshold 7372 Howl Bitmap #cards 1024 size 144 coarsen threshold 921 Card regions per heap region 1 cards per card region 8192

Heap:
 garbage-first heap   total 0K, used 0K [0x0000000605c00000, 0x0000000800000000)
  region size 4096K, 0 young (0K), 0 survivors (0K)

[error occurred during error reporting (printing heap information), id 0xc0000005, EXCEPTION_ACCESS_VIOLATION (0xc0000005) at pc=0x00007ff87fb151e9]
GC Heap History (0 events):
No events

Dll operation events (1 events):
Event: 0.005 Loaded shared library C:\Program Files\Java\jdk-21\bin\java.dll

Deoptimization events (0 events):
No events

Classes loaded (0 events):
No events

Classes unloaded (0 events):
No events

Classes redefined (0 events):
No events

Internal exceptions (0 events):
No events

ZGC Phase Switch (0 events):
No events

VM Operations (0 events):
No events

Events (0 events):
No events


Dynamic libraries:
0x00007ff70c340000 - 0x00007ff70c350000 	C:\Program Files\Java\jdk-21\bin\java.exe
0x00007ff94d300000 - 0x00007ff94d566000 	C:\Windows\SYSTEM32\ntdll.dll
0x00007ff94c3c0000 - 0x00007ff94c489000 	C:\Windows\System32\KERNEL32.DLL
0x00007ff94aa70000 - 0x00007ff94ae6e000 	C:\Windows\System32\KERNELBASE.dll
0x00007ff94a730000 - 0x00007ff94a87c000 	C:\Windows\System32\ucrtbase.dll
0x00007ff9166a0000 - 0x00007ff9166bb000 	C:\Program Files\Java\jdk-21\bin\VCRUNTIME140.dll
0x00007ff914b60000 - 0x00007ff914b79000 	C:\Program Files\Java\jdk-21\bin\jli.dll
0x00007ff94cf50000 - 0x00007ff94d007000 	C:\Windows\System32\ADVAPI32.dll
0x00007ff94bb60000 - 0x00007ff94bc09000 	C:\Windows\System32\msvcrt.dll
0x00007ff94c620000 - 0x00007ff94c6ca000 	C:\Windows\System32\sechost.dll
0x00007ff94b330000 - 0x00007ff94b448000 	C:\Windows\System32\RPCRT4.dll
0x00007ff94cd50000 - 0x00007ff94cf17000 	C:\Windows\System32\USER32.dll
0x00007ff94af40000 - 0x00007ff94af67000 	C:\Windows\System32\win32u.dll
0x00007ff930a20000 - 0x00007ff930cb2000 	C:\Windows\WinSxS\amd64_microsoft.windows.common-controls_6595b64144ccf1df_6.0.26100.8875_none_3e0d5d42e32fe9dd\COMCTL32.dll
0x00007ff94c870000 - 0x00007ff94c89b000 	C:\Windows\System32\GDI32.dll
0x00007ff94a890000 - 0x00007ff94a9ba000 	C:\Windows\System32\gdi32full.dll
0x00007ff94a9c0000 - 0x00007ff94aa63000 	C:\Windows\System32\msvcp_win.dll
0x00007ff944760000 - 0x00007ff94476b000 	C:\Windows\SYSTEM32\VERSION.dll
0x00007ff94d280000 - 0x00007ff94d2b2000 	C:\Windows\System32\IMM32.DLL
0x00007ff920690000 - 0x00007ff92069c000 	C:\Program Files\Java\jdk-21\bin\vcruntime140_1.dll
0x00007ff8d83e0000 - 0x00007ff8d846e000 	C:\Program Files\Java\jdk-21\bin\msvcp140.dll
0x00007ff87f3f0000 - 0x00007ff88010d000 	C:\Program Files\Java\jdk-21\bin\server\jvm.dll
0x00007ff94b640000 - 0x00007ff94b6c0000 	C:\Windows\System32\WS2_32.dll
0x00007ff93bc30000 - 0x00007ff93bc66000 	C:\Windows\SYSTEM32\WINMM.dll
0x00007ff94a1c0000 - 0x00007ff94a21e000 	C:\Windows\SYSTEM32\POWRPROF.dll
0x00007ff94a1a0000 - 0x00007ff94a1b4000 	C:\Windows\SYSTEM32\UMPDC.dll
0x00007ff9491c0000 - 0x00007ff9491db000 	C:\Windows\SYSTEM32\kernel.appcore.dll
0x00007ff9158c0000 - 0x00007ff9158ca000 	C:\Program Files\Java\jdk-21\bin\jimage.dll
0x00007ff933fb0000 - 0x00007ff9341f2000 	C:\Windows\SYSTEM32\DBGHELP.DLL
0x00007ff94b740000 - 0x00007ff94bac3000 	C:\Windows\System32\combase.dll
0x00007ff94b460000 - 0x00007ff94b539000 	C:\Windows\System32\OLEAUT32.dll
0x00007ff929730000 - 0x00007ff92976b000 	C:\Windows\SYSTEM32\dbgcore.DLL
0x00007ff94ae80000 - 0x00007ff94af2c000 	C:\Windows\System32\bcryptPrimitives.dll
0x00007ff9130c0000 - 0x00007ff9130df000 	C:\Program Files\Java\jdk-21\bin\java.dll

dbghelp: loaded successfully - version: 4.0.5 - missing functions: none
symbol engine: initialized successfully - sym options: 0x614 - pdb path: .;C:\Program Files\Java\jdk-21\bin;C:\Windows\SYSTEM32;C:\Windows\WinSxS\amd64_microsoft.windows.common-controls_6595b64144ccf1df_6.0.26100.8875_none_3e0d5d42e32fe9dd;C:\Program Files\Java\jdk-21\bin\server

VM Arguments:
jvm_args: -XX:+ShowCodeDetailsInExceptionMessages 
java_command: week2.phonebook.Main
java_class_path (initial): C:\Users\User\AppData\Roaming\Code\User\workspaceStorage\89e3fc12e6b6429b661622280d51ffd3\redhat.java\jdt_ws\ENGSE216_67c5471\bin
Launcher Type: SUN_STANDARD

[Global flags]
     intx CICompilerCount                          = 4                                         {product} {ergonomic}
     uint ConcGCThreads                            = 3                                         {product} {ergonomic}
     uint G1ConcRefinementThreads                  = 10                                        {product} {ergonomic}
   size_t G1HeapRegionSize                         = 4194304                                   {product} {ergonomic}
    uintx GCDrainStackTargetSize                   = 64                                        {product} {ergonomic}
   size_t InitialHeapSize                          = 532676608                                 {product} {ergonomic}
   size_t MarkStackSize                            = 4194304                                   {product} {ergonomic}
   size_t MaxHeapSize                              = 8493465600                                {product} {ergonomic}
   size_t MinHeapDeltaBytes                        = 4194304                                   {product} {ergonomic}
   size_t MinHeapSize                              = 8388608                                   {product} {ergonomic}
    uintx NonNMethodCodeHeapSize                   = 5839372                                {pd product} {ergonomic}
    uintx NonProfiledCodeHeapSize                  = 122909434                              {pd product} {ergonomic}
    uintx ProfiledCodeHeapSize                     = 122909434                              {pd product} {ergonomic}
    uintx ReservedCodeCacheSize                    = 251658240                              {pd product} {ergonomic}
     bool SegmentedCodeCache                       = true                                      {product} {ergonomic}
     bool ShowCodeDetailsInExceptionMessages       = true                                   {manageable} {command line}
   size_t SoftMaxHeapSize                          = 8493465600                             {manageable} {ergonomic}
     bool UseCompressedOops                        = true                           {product lp64_product} {ergonomic}
     bool UseG1GC                                  = true                                      {product} {ergonomic}
     bool UseLargePagesIndividualAllocation        = false                                  {pd product} {ergonomic}

Logging:
Log output configuration:
 #0: stdout all=warning uptime,level,tags foldmultilines=false
 #1: stderr all=off uptime,level,tags foldmultilines=false

Environment Variables:
PATH=C:\Program Files\Common Files\Oracle\Java\javapath;C:\Program Files (x86)\Common Files\Oracle\Java\javapath;C:\Windows\system32;C:\Windows;C:\Windows\System32\Wbem;C:\Windows\System32\WindowsPowerShell\v1.0\;C:\Windows\System32\OpenSSH\;C:\Program Files (x86)\NVIDIA Corporation\PhysX\Common;C:\Program Files\NVIDIA Corporation\NVIDIA App\NvDLISR;C:\Program Files\Git\cmd;C:\Program Files\Docker\Docker\resources\bin;C:\Program Files\Common Files\Oracle\Java\javapath;C:\Program Files (x86)\Common Files\Oracle\Java\javapath;C:\Windows\system32;C:\Windows;C:\Windows\System32\Wbem;C:\Windows\System32\WindowsPowerShell\v1.0\;C:\Windows\System32\OpenSSH\;C:\Program Files (x86)\NVIDIA Corporation\PhysX\Common;C:\Program Files\NVIDIA Corporation\NVIDIA App\NvDLISR;C:\Program Files\Git\cmd;C:\Users\User\AppData\Local\Microsoft\WindowsApps;C:\Users\User\AppData\Local\Programs\Microsoft VS Code\bin;C:\msys64\ucrt64\bin;C:\Users\User\AppData\Local\Packages\PythonSoftwareFoundation.Python.3.11_qbz5n2kfra8p0\LocalCache\local-packages\Python311\Scripts;C:\xampp\php;c:\Users\User\.vscode\extensions\vscjava.vscode-java-debug-0.59.0\bundled\scripts\noConfigScripts;c:\Users\User\.vscode\extensions\ms-python.debugpy-2026.6.0-win32-x64\bundled\scripts\noConfigScripts
USERNAME=User
LANG=en_US.UTF-8
OS=Windows_NT
PROCESSOR_IDENTIFIER=AMD64 Family 25 Model 97 Stepping 2, AuthenticAMD
TMP=C:\Users\User\AppData\Local\Temp
TEMP=C:\Users\User\AppData\Local\Temp




Periodic native trim disabled

---------------  S Y S T E M  ---------------

OS:
 Windows 11 , 64 bit Build 26100 (10.0.26100.8875)
OS uptime: 0 days 4:53 hours
Hyper-V role detected

CPU: total 12 (initial active 12) (12 cores per cpu, 2 threads per core) family 25 model 97 stepping 2 microcode 0xa601209, cx8, cmov, fxsr, ht, mmx, 3dnowpref, sse, sse2, sse3, ssse3, sse4a, sse4.1, sse4.2, popcnt, lzcnt, tsc, tscinvbit, avx, avx2, aes, erms, clmul, bmi1, bmi2, adx, avx512f, avx512dq, avx512cd, avx512bw, avx512vl, sha, fma, vzeroupper, avx512_vpopcntdq, avx512_vpclmulqdq, avx512_vaes, avx512_vnni, clflush, clflushopt, avx512_vbmi2, avx512_vbmi, hv, rdtscp, rdpid, fsrm, gfni, avx512_bitalg, f16c, cet_ss, avx512_ifma
Processor Information for all 12 processors :
  Max Mhz: 3701, Current Mhz: 3701, Mhz Limit: 3701

Memory: 4k page, system-wide physical 32397M (10787M free)
TotalPageFile size 52150M (AvailPageFile size 413M)
current process WorkingSet (physical memory assigned to process): 13M, peak: 13M
current process commit charge ("private bytes"): 64M, peak: 572M

vm_info: Java HotSpot(TM) 64-Bit Server VM (21.0.8+12-LTS-250) for windows-amd64 JRE (21.0.8+12-LTS-250), built on 2025-06-27T08:11:22Z by "mach5one" with MS VC++ 17.6 (VS2022)

END.
